2019-11-02 08:25:00 INFO  [background-preinit] org.hibernate.validator.internal.util.Version.<clinit>(Version.java:21) - HV000001: Hibernate Validator 6.0.17.Final
2019-11-02 08:25:00 INFO  [main] org.springframework.boot.StartupInfoLogger.logStarting(StartupInfoLogger.java:50) - Starting NovelwebApplication on wlh with PID 9720 (D:\wlh\git\novelweb\target\classes started by Administrator in D:\wlh\git\novelweb)
2019-11-02 08:25:00 INFO  [main] org.springframework.boot.SpringApplication.logStartupProfileInfo(SpringApplication.java:648) - No active profile set, falling back to default profiles: default
2019-11-02 08:25:01 INFO  [main] org.springframework.boot.web.embedded.tomcat.TomcatWebServer.initialize(TomcatWebServer.java:90) - Tomcat initialized with port(s): 1111 (http)
2019-11-02 08:25:02 INFO  [main] org.springframework.boot.web.servlet.context.ServletWebServerApplicationContext.prepareWebApplicationContext(ServletWebServerApplicationContext.java:284) - Root WebApplicationContext: initialization completed in 1064 ms
2019-11-02 08:25:02 INFO  [main] com.alibaba.druid.spring.boot.autoconfigure.DruidDataSourceAutoConfigure.dataSource(DruidDataSourceAutoConfigure.java:56) - Init DruidDataSource
2019-11-02 08:25:02 INFO  [main] com.alibaba.druid.pool.DruidDataSource.init(DruidDataSource.java:1003) - {dataSource-1} inited
2019-11-02 08:25:02 INFO  [main] org.springframework.scheduling.concurrent.ExecutorConfigurationSupport.initialize(ExecutorConfigurationSupport.java:171) - Initializing ExecutorService 'applicationTaskExecutor'
2019-11-02 08:25:02 INFO  [main] org.springframework.boot.autoconfigure.web.servlet.WelcomePageHandlerMapping.<init>(WelcomePageHandlerMapping.java:58) - Adding welcome page template: index
2019-11-02 08:25:02 INFO  [main] org.springframework.boot.web.embedded.tomcat.TomcatWebServer.start(TomcatWebServer.java:202) - Tomcat started on port(s): 1111 (http) with context path ''
2019-11-02 08:25:02 INFO  [main] org.springframework.boot.StartupInfoLogger.logStarted(StartupInfoLogger.java:59) - Started NovelwebApplication in 1.935 seconds (JVM running for 2.585)
2019-11-02 08:25:11 INFO  [http-nio-1111-exec-1] org.springframework.web.servlet.FrameworkServlet.initServletBean(FrameworkServlet.java:524) - Initializing Servlet 'dispatcherServlet'
2019-11-02 08:25:11 INFO  [http-nio-1111-exec-1] org.springframework.web.servlet.FrameworkServlet.initServletBean(FrameworkServlet.java:546) - Completed initialization in 6 ms
2019-11-02 08:25:58 INFO  [background-preinit] org.hibernate.validator.internal.util.Version.<clinit>(Version.java:21) - HV000001: Hibernate Validator 6.0.17.Final
2019-11-02 08:25:58 INFO  [main] org.springframework.boot.StartupInfoLogger.logStarting(StartupInfoLogger.java:50) - Starting NovelwebApplication on wlh with PID 7696 (D:\wlh\git\novelweb\target\classes started by Administrator in D:\wlh\git\novelweb)
2019-11-02 08:25:58 INFO  [main] org.springframework.boot.SpringApplication.logStartupProfileInfo(SpringApplication.java:648) - No active profile set, falling back to default profiles: default
2019-11-02 08:25:59 INFO  [main] org.springframework.boot.web.embedded.tomcat.TomcatWebServer.initialize(TomcatWebServer.java:90) - Tomcat initialized with port(s): 1111 (http)
2019-11-02 08:25:59 INFO  [main] org.springframework.boot.web.servlet.context.ServletWebServerApplicationContext.prepareWebApplicationContext(ServletWebServerApplicationContext.java:284) - Root WebApplicationContext: initialization completed in 1017 ms
2019-11-02 08:25:59 INFO  [main] com.alibaba.druid.spring.boot.autoconfigure.DruidDataSourceAutoConfigure.dataSource(DruidDataSourceAutoConfigure.java:56) - Init DruidDataSource
2019-11-02 08:25:59 INFO  [main] com.alibaba.druid.pool.DruidDataSource.init(DruidDataSource.java:1003) - {dataSource-1} inited
2019-11-02 08:25:59 INFO  [main] org.springframework.scheduling.concurrent.ExecutorConfigurationSupport.initialize(ExecutorConfigurationSupport.java:171) - Initializing ExecutorService 'applicationTaskExecutor'
2019-11-02 08:25:59 INFO  [main] org.springframework.boot.autoconfigure.web.servlet.WelcomePageHandlerMapping.<init>(WelcomePageHandlerMapping.java:58) - Adding welcome page template: index
2019-11-02 08:25:59 INFO  [main] org.springframework.boot.web.embedded.tomcat.TomcatWebServer.start(TomcatWebServer.java:202) - Tomcat started on port(s): 1111 (http) with context path ''
2019-11-02 08:25:59 INFO  [main] org.springframework.boot.StartupInfoLogger.logStarted(StartupInfoLogger.java:59) - Started NovelwebApplication in 1.942 seconds (JVM running for 2.62)
2019-11-02 08:26:04 INFO  [http-nio-1111-exec-1] org.springframework.web.servlet.FrameworkServlet.initServletBean(FrameworkServlet.java:524) - Initializing Servlet 'dispatcherServlet'
2019-11-02 08:26:04 INFO  [http-nio-1111-exec-1] org.springframework.web.servlet.FrameworkServlet.initServletBean(FrameworkServlet.java:546) - Completed initialization in 4 ms
2019-11-02 08:27:54 INFO  [background-preinit] org.hibernate.validator.internal.util.Version.<clinit>(Version.java:21) - HV000001: Hibernate Validator 6.0.17.Final
2019-11-02 08:27:54 INFO  [main] org.springframework.boot.StartupInfoLogger.logStarting(StartupInfoLogger.java:50) - Starting NovelwebApplication on wlh with PID 9976 (D:\wlh\git\novelweb\target\classes started by Administrator in D:\wlh\git\novelweb)
2019-11-02 08:27:54 INFO  [main] org.springframework.boot.SpringApplication.logStartupProfileInfo(SpringApplication.java:648) - No active profile set, falling back to default profiles: default
2019-11-02 08:27:55 INFO  [main] org.springframework.context.support.PostProcessorRegistrationDelegate$BeanPostProcessorChecker.postProcessAfterInitialization(PostProcessorRegistrationDelegate.java:330) - Bean 'org.springframework.transaction.annotation.ProxyTransactionManagementConfiguration' of type [org.springframework.transaction.annotation.ProxyTransactionManagementConfiguration$$EnhancerBySpringCGLIB$$1aeeaee6] is not eligible for getting processed by all BeanPostProcessors (for example: not eligible for auto-proxying)
2019-11-02 08:27:55 INFO  [main] org.springframework.boot.web.embedded.tomcat.TomcatWebServer.initialize(TomcatWebServer.java:90) - Tomcat initialized with port(s): 1111 (http)
2019-11-02 08:27:55 INFO  [main] org.springframework.boot.web.servlet.context.ServletWebServerApplicationContext.prepareWebApplicationContext(ServletWebServerApplicationContext.java:284) - Root WebApplicationContext: initialization completed in 1193 ms
2019-11-02 08:27:55 INFO  [main] com.alibaba.druid.spring.boot.autoconfigure.DruidDataSourceAutoConfigure.dataSource(DruidDataSourceAutoConfigure.java:56) - Init DruidDataSource
2019-11-02 08:27:55 INFO  [main] com.alibaba.druid.pool.DruidDataSource.init(DruidDataSource.java:1003) - {dataSource-1} inited
2019-11-02 08:27:56 INFO  [main] springfox.documentation.spring.web.PropertySourcedRequestMappingHandlerMapping.initHandlerMethods(PropertySourcedRequestMappingHandlerMapping.java:69) - Mapped URL path [/v2/api-docs] onto method [public org.springframework.http.ResponseEntity<springfox.documentation.spring.web.json.Json> springfox.documentation.swagger2.web.Swagger2Controller.getDocumentation(java.lang.String,javax.servlet.http.HttpServletRequest)]
2019-11-02 08:27:56 INFO  [main] org.springframework.scheduling.concurrent.ExecutorConfigurationSupport.initialize(ExecutorConfigurationSupport.java:171) - Initializing ExecutorService 'applicationTaskExecutor'
2019-11-02 08:27:56 INFO  [main] org.springframework.boot.autoconfigure.web.servlet.WelcomePageHandlerMapping.<init>(WelcomePageHandlerMapping.java:58) - Adding welcome page template: index
2019-11-02 08:27:56 INFO  [main] springfox.documentation.spring.web.plugins.DocumentationPluginsBootstrapper.start(DocumentationPluginsBootstrapper.java:151) - Context refreshed
2019-11-02 08:27:56 INFO  [main] springfox.documentation.spring.web.plugins.DocumentationPluginsBootstrapper.start(DocumentationPluginsBootstrapper.java:154) - Found 1 custom documentation plugin(s)
2019-11-02 08:27:56 INFO  [main] springfox.documentation.spring.web.scanners.ApiListingReferenceScanner.scan(ApiListingReferenceScanner.java:41) - Scanning for api listing references
2019-11-02 08:27:56 INFO  [main] org.springframework.boot.web.embedded.tomcat.TomcatWebServer.start(TomcatWebServer.java:202) - Tomcat started on port(s): 1111 (http) with context path ''
2019-11-02 08:27:56 INFO  [main] org.springframework.boot.StartupInfoLogger.logStarted(StartupInfoLogger.java:59) - Started NovelwebApplication in 2.275 seconds (JVM running for 2.936)
2019-11-02 08:27:58 INFO  [http-nio-1111-exec-1] org.springframework.web.servlet.FrameworkServlet.initServletBean(FrameworkServlet.java:524) - Initializing Servlet 'dispatcherServlet'
2019-11-02 08:27:58 INFO  [http-nio-1111-exec-1] org.springframework.web.servlet.FrameworkServlet.initServletBean(FrameworkServlet.java:546) - Completed initialization in 5 ms
2019-11-02 08:30:00 INFO  [background-preinit] org.hibernate.validator.internal.util.Version.<clinit>(Version.java:21) - HV000001: Hibernate Validator 6.0.17.Final
2019-11-02 08:30:00 INFO  [main] org.springframework.boot.StartupInfoLogger.logStarting(StartupInfoLogger.java:50) - Starting NovelwebApplication on wlh with PID 3612 (D:\wlh\git\novelweb\target\classes started by Administrator in D:\wlh\git\novelweb)
2019-11-02 08:30:00 INFO  [main] org.springframework.boot.SpringApplication.logStartupProfileInfo(SpringApplication.java:648) - No active profile set, falling back to default profiles: default
2019-11-02 08:30:01 INFO  [main] org.springframework.context.support.PostProcessorRegistrationDelegate$BeanPostProcessorChecker.postProcessAfterInitialization(PostProcessorRegistrationDelegate.java:330) - Bean 'org.springframework.transaction.annotation.ProxyTransactionManagementConfiguration' of type [org.springframework.transaction.annotation.ProxyTransactionManagementConfiguration$$EnhancerBySpringCGLIB$$b9f9896] is not eligible for getting processed by all BeanPostProcessors (for example: not eligible for auto-proxying)
2019-11-02 08:30:01 INFO  [main] org.springframework.boot.web.embedded.tomcat.TomcatWebServer.initialize(TomcatWebServer.java:90) - Tomcat initialized with port(s): 1111 (http)
2019-11-02 08:30:01 INFO  [main] org.springframework.boot.web.servlet.context.ServletWebServerApplicationContext.prepareWebApplicationContext(ServletWebServerApplicationContext.java:284) - Root WebApplicationContext: initialization completed in 1176 ms
2019-11-02 08:30:01 INFO  [main] com.alibaba.druid.spring.boot.autoconfigure.DruidDataSourceAutoConfigure.dataSource(DruidDataSourceAutoConfigure.java:56) - Init DruidDataSource
2019-11-02 08:30:02 INFO  [main] com.alibaba.druid.pool.DruidDataSource.init(DruidDataSource.java:1003) - {dataSource-1} inited
2019-11-02 08:30:02 INFO  [main] springfox.documentation.spring.web.PropertySourcedRequestMappingHandlerMapping.initHandlerMethods(PropertySourcedRequestMappingHandlerMapping.java:69) - Mapped URL path [/v2/api-docs] onto method [public org.springframework.http.ResponseEntity<springfox.documentation.spring.web.json.Json> springfox.documentation.swagger2.web.Swagger2Controller.getDocumentation(java.lang.String,javax.servlet.http.HttpServletRequest)]
2019-11-02 08:30:02 INFO  [main] org.springframework.scheduling.concurrent.ExecutorConfigurationSupport.initialize(ExecutorConfigurationSupport.java:171) - Initializing ExecutorService 'applicationTaskExecutor'
2019-11-02 08:30:02 INFO  [main] org.springframework.boot.autoconfigure.web.servlet.WelcomePageHandlerMapping.<init>(WelcomePageHandlerMapping.java:58) - Adding welcome page template: index
2019-11-02 08:30:02 INFO  [main] springfox.documentation.spring.web.plugins.DocumentationPluginsBootstrapper.start(DocumentationPluginsBootstrapper.java:151) - Context refreshed
2019-11-02 08:30:02 INFO  [main] springfox.documentation.spring.web.plugins.DocumentationPluginsBootstrapper.start(DocumentationPluginsBootstrapper.java:154) - Found 1 custom documentation plugin(s)
2019-11-02 08:30:02 INFO  [main] springfox.documentation.spring.web.scanners.ApiListingReferenceScanner.scan(ApiListingReferenceScanner.java:41) - Scanning for api listing references
2019-11-02 08:30:02 INFO  [main] org.springframework.boot.web.embedded.tomcat.TomcatWebServer.start(TomcatWebServer.java:202) - Tomcat started on port(s): 1111 (http) with context path ''
2019-11-02 08:30:02 INFO  [main] org.springframework.boot.StartupInfoLogger.logStarted(StartupInfoLogger.java:59) - Started NovelwebApplication in 2.285 seconds (JVM running for 2.933)
2019-11-02 08:30:06 INFO  [http-nio-1111-exec-1] org.springframework.web.servlet.FrameworkServlet.initServletBean(FrameworkServlet.java:524) - Initializing Servlet 'dispatcherServlet'
2019-11-02 08:30:06 INFO  [http-nio-1111-exec-1] org.springframework.web.servlet.FrameworkServlet.initServletBean(FrameworkServlet.java:546) - Completed initialization in 5 ms
2019-11-02 08:41:37 INFO  [background-preinit] org.hibernate.validator.internal.util.Version.<clinit>(Version.java:21) - HV000001: Hibernate Validator 6.0.17.Final
2019-11-02 08:41:37 INFO  [main] org.springframework.boot.StartupInfoLogger.logStarting(StartupInfoLogger.java:50) - Starting NovelwebApplication on wlh with PID 7572 (D:\wlh\git\novelweb\target\classes started by Administrator in D:\wlh\git\novelweb)
2019-11-02 08:41:37 INFO  [main] org.springframework.boot.SpringApplication.logStartupProfileInfo(SpringApplication.java:648) - No active profile set, falling back to default profiles: default
2019-11-02 08:41:38 INFO  [main] org.springframework.context.support.PostProcessorRegistrationDelegate$BeanPostProcessorChecker.postProcessAfterInitialization(PostProcessorRegistrationDelegate.java:330) - Bean 'org.springframework.transaction.annotation.ProxyTransactionManagementConfiguration' of type [org.springframework.transaction.annotation.ProxyTransactionManagementConfiguration$$EnhancerBySpringCGLIB$$5e32af14] is not eligible for getting processed by all BeanPostProcessors (for example: not eligible for auto-proxying)
2019-11-02 08:41:38 INFO  [main] org.springframework.boot.web.embedded.tomcat.TomcatWebServer.initialize(TomcatWebServer.java:90) - Tomcat initialized with port(s): 1111 (http)
2019-11-02 08:41:38 INFO  [main] org.springframework.boot.web.servlet.context.ServletWebServerApplicationContext.prepareWebApplicationContext(ServletWebServerApplicationContext.java:284) - Root WebApplicationContext: initialization completed in 1171 ms
2019-11-02 08:41:38 INFO  [main] com.alibaba.druid.spring.boot.autoconfigure.DruidDataSourceAutoConfigure.dataSource(DruidDataSourceAutoConfigure.java:56) - Init DruidDataSource
2019-11-02 08:41:38 INFO  [main] com.alibaba.druid.pool.DruidDataSource.init(DruidDataSource.java:1003) - {dataSource-1} inited
2019-11-02 08:41:39 INFO  [main] springfox.documentation.spring.web.PropertySourcedRequestMappingHandlerMapping.initHandlerMethods(PropertySourcedRequestMappingHandlerMapping.java:69) - Mapped URL path [/v2/api-docs] onto method [public org.springframework.http.ResponseEntity<springfox.documentation.spring.web.json.Json> springfox.documentation.swagger2.web.Swagger2Controller.getDocumentation(java.lang.String,javax.servlet.http.HttpServletRequest)]
2019-11-02 08:41:39 INFO  [main] org.springframework.scheduling.concurrent.ExecutorConfigurationSupport.initialize(ExecutorConfigurationSupport.java:171) - Initializing ExecutorService 'applicationTaskExecutor'
2019-11-02 08:41:39 INFO  [main] org.springframework.boot.autoconfigure.web.servlet.WelcomePageHandlerMapping.<init>(WelcomePageHandlerMapping.java:58) - Adding welcome page template: index
2019-11-02 08:41:39 INFO  [main] springfox.documentation.spring.web.plugins.DocumentationPluginsBootstrapper.start(DocumentationPluginsBootstrapper.java:151) - Context refreshed
2019-11-02 08:41:39 INFO  [main] springfox.documentation.spring.web.plugins.DocumentationPluginsBootstrapper.start(DocumentationPluginsBootstrapper.java:154) - Found 1 custom documentation plugin(s)
2019-11-02 08:41:39 INFO  [main] springfox.documentation.spring.web.scanners.ApiListingReferenceScanner.scan(ApiListingReferenceScanner.java:41) - Scanning for api listing references
2019-11-02 08:41:39 INFO  [main] springfox.documentation.spring.web.readers.operation.CachingOperationNameGenerator.startingWith(CachingOperationNameGenerator.java:40) - Generating unique operation named: indexUsingGET_1
2019-11-02 08:41:39 INFO  [main] springfox.documentation.spring.web.readers.operation.CachingOperationNameGenerator.startingWith(CachingOperationNameGenerator.java:40) - Generating unique operation named: indexUsingHEAD_1
2019-11-02 08:41:39 INFO  [main] springfox.documentation.spring.web.readers.operation.CachingOperationNameGenerator.startingWith(CachingOperationNameGenerator.java:40) - Generating unique operation named: indexUsingPOST_1
2019-11-02 08:41:39 INFO  [main] springfox.documentation.spring.web.readers.operation.CachingOperationNameGenerator.startingWith(CachingOperationNameGenerator.java:40) - Generating unique operation named: indexUsingPUT_1
2019-11-02 08:41:39 INFO  [main] springfox.documentation.spring.web.readers.operation.CachingOperationNameGenerator.startingWith(CachingOperationNameGenerator.java:40) - Generating unique operation named: indexUsingPATCH_1
2019-11-02 08:41:39 INFO  [main] springfox.documentation.spring.web.readers.operation.CachingOperationNameGenerator.startingWith(CachingOperationNameGenerator.java:40) - Generating unique operation named: indexUsingDELETE_1
2019-11-02 08:41:39 INFO  [main] springfox.documentation.spring.web.readers.operation.CachingOperationNameGenerator.startingWith(CachingOperationNameGenerator.java:40) - Generating unique operation named: indexUsingOPTIONS_1
2019-11-02 08:41:39 INFO  [main] springfox.documentation.spring.web.readers.operation.CachingOperationNameGenerator.startingWith(CachingOperationNameGenerator.java:40) - Generating unique operation named: indexUsingTRACE_1
2019-11-02 08:41:39 INFO  [main] org.springframework.boot.web.embedded.tomcat.TomcatWebServer.start(TomcatWebServer.java:202) - Tomcat started on port(s): 1111 (http) with context path ''
2019-11-02 08:41:39 INFO  [main] org.springframework.boot.StartupInfoLogger.logStarted(StartupInfoLogger.java:59) - Started NovelwebApplication in 2.351 seconds (JVM running for 3.003)
2019-11-02 08:41:51 INFO  [http-nio-1111-exec-1] org.springframework.web.servlet.FrameworkServlet.initServletBean(FrameworkServlet.java:524) - Initializing Servlet 'dispatcherServlet'
2019-11-02 08:41:51 INFO  [http-nio-1111-exec-1] org.springframework.web.servlet.FrameworkServlet.initServletBean(FrameworkServlet.java:546) - Completed initialization in 4 ms
2019-11-02 08:46:56 INFO  [background-preinit] org.hibernate.validator.internal.util.Version.<clinit>(Version.java:21) - HV000001: Hibernate Validator 6.0.17.Final
2019-11-02 08:46:56 INFO  [main] org.springframework.boot.StartupInfoLogger.logStarting(StartupInfoLogger.java:50) - Starting NovelwebApplication on wlh with PID 10808 (D:\wlh\git\novelweb\target\classes started by Administrator in D:\wlh\git\novelweb)
2019-11-02 08:46:56 INFO  [main] org.springframework.boot.SpringApplication.logStartupProfileInfo(SpringApplication.java:648) - No active profile set, falling back to default profiles: default
2019-11-02 08:46:57 INFO  [main] org.springframework.context.support.PostProcessorRegistrationDelegate$BeanPostProcessorChecker.postProcessAfterInitialization(PostProcessorRegistrationDelegate.java:330) - Bean 'org.springframework.transaction.annotation.ProxyTransactionManagementConfiguration' of type [org.springframework.transaction.annotation.ProxyTransactionManagementConfiguration$$EnhancerBySpringCGLIB$$222ebfd3] is not eligible for getting processed by all BeanPostProcessors (for example: not eligible for auto-proxying)
2019-11-02 08:46:57 INFO  [main] org.springframework.boot.web.embedded.tomcat.TomcatWebServer.initialize(TomcatWebServer.java:90) - Tomcat initialized with port(s): 1111 (http)
2019-11-02 08:46:57 INFO  [main] org.springframework.boot.web.servlet.context.ServletWebServerApplicationContext.prepareWebApplicationContext(ServletWebServerApplicationContext.java:284) - Root WebApplicationContext: initialization completed in 1178 ms
2019-11-02 08:46:58 INFO  [main] com.alibaba.druid.spring.boot.autoconfigure.DruidDataSourceAutoConfigure.dataSource(DruidDataSourceAutoConfigure.java:56) - Init DruidDataSource
2019-11-02 08:46:58 INFO  [main] com.alibaba.druid.pool.DruidDataSource.init(DruidDataSource.java:1003) - {dataSource-1} inited
2019-11-02 08:46:58 INFO  [main] springfox.documentation.spring.web.PropertySourcedRequestMappingHandlerMapping.initHandlerMethods(PropertySourcedRequestMappingHandlerMapping.java:69) - Mapped URL path [/v2/api-docs] onto method [public org.springframework.http.ResponseEntity<springfox.documentation.spring.web.json.Json> springfox.documentation.swagger2.web.Swagger2Controller.getDocumentation(java.lang.String,javax.servlet.http.HttpServletRequest)]
2019-11-02 08:46:58 INFO  [main] org.springframework.scheduling.concurrent.ExecutorConfigurationSupport.initialize(ExecutorConfigurationSupport.java:171) - Initializing ExecutorService 'applicationTaskExecutor'
2019-11-02 08:46:58 INFO  [main] org.springframework.boot.autoconfigure.web.servlet.WelcomePageHandlerMapping.<init>(WelcomePageHandlerMapping.java:58) - Adding welcome page template: index
2019-11-02 08:46:58 INFO  [main] springfox.documentation.spring.web.plugins.DocumentationPluginsBootstrapper.start(DocumentationPluginsBootstrapper.java:151) - Context refreshed
2019-11-02 08:46:58 INFO  [main] springfox.documentation.spring.web.plugins.DocumentationPluginsBootstrapper.start(DocumentationPluginsBootstrapper.java:154) - Found 1 custom documentation plugin(s)
2019-11-02 08:46:58 INFO  [main] springfox.documentation.spring.web.scanners.ApiListingReferenceScanner.scan(ApiListingReferenceScanner.java:41) - Scanning for api listing references
2019-11-02 08:46:58 INFO  [main] springfox.documentation.spring.web.readers.operation.CachingOperationNameGenerator.startingWith(CachingOperationNameGenerator.java:40) - Generating unique operation named: indexUsingGET_1
2019-11-02 08:46:58 INFO  [main] springfox.documentation.spring.web.readers.operation.CachingOperationNameGenerator.startingWith(CachingOperationNameGenerator.java:40) - Generating unique operation named: indexUsingHEAD_1
2019-11-02 08:46:58 INFO  [main] springfox.documentation.spring.web.readers.operation.CachingOperationNameGenerator.startingWith(CachingOperationNameGenerator.java:40) - Generating unique operation named: indexUsingPOST_1
2019-11-02 08:46:58 INFO  [main] springfox.documentation.spring.web.readers.operation.CachingOperationNameGenerator.startingWith(CachingOperationNameGenerator.java:40) - Generating unique operation named: indexUsingPUT_1
2019-11-02 08:46:58 INFO  [main] springfox.documentation.spring.web.readers.operation.CachingOperationNameGenerator.startingWith(CachingOperationNameGenerator.java:40) - Generating unique operation named: indexUsingPATCH_1
2019-11-02 08:46:58 INFO  [main] springfox.documentation.spring.web.readers.operation.CachingOperationNameGenerator.startingWith(CachingOperationNameGenerator.java:40) - Generating unique operation named: indexUsingDELETE_1
2019-11-02 08:46:58 INFO  [main] springfox.documentation.spring.web.readers.operation.CachingOperationNameGenerator.startingWith(CachingOperationNameGenerator.java:40) - Generating unique operation named: indexUsingOPTIONS_1
2019-11-02 08:46:58 INFO  [main] springfox.documentation.spring.web.readers.operation.CachingOperationNameGenerator.startingWith(CachingOperationNameGenerator.java:40) - Generating unique operation named: indexUsingTRACE_1
2019-11-02 08:46:58 INFO  [main] org.springframework.boot.web.embedded.tomcat.TomcatWebServer.start(TomcatWebServer.java:202) - Tomcat started on port(s): 1111 (http) with context path ''
2019-11-02 08:46:58 INFO  [main] org.springframework.boot.StartupInfoLogger.logStarted(StartupInfoLogger.java:59) - Started NovelwebApplication in 2.341 seconds (JVM running for 2.987)
2019-11-02 08:47:12 INFO  [http-nio-1111-exec-1] org.springframework.web.servlet.FrameworkServlet.initServletBean(FrameworkServlet.java:524) - Initializing Servlet 'dispatcherServlet'
2019-11-02 08:47:12 INFO  [http-nio-1111-exec-1] org.springframework.web.servlet.FrameworkServlet.initServletBean(FrameworkServlet.java:546) - Completed initialization in 4 ms
2019-11-02 08:47:41 INFO  [background-preinit] org.hibernate.validator.internal.util.Version.<clinit>(Version.java:21) - HV000001: Hibernate Validator 6.0.17.Final
2019-11-02 08:47:41 INFO  [main] org.springframework.boot.StartupInfoLogger.logStarting(StartupInfoLogger.java:50) - Starting NovelwebApplication on wlh with PID 7744 (D:\wlh\git\novelweb\target\classes started by Administrator in D:\wlh\git\novelweb)
2019-11-02 08:47:41 INFO  [main] org.springframework.boot.SpringApplication.logStartupProfileInfo(SpringApplication.java:648) - No active profile set, falling back to default profiles: default
2019-11-02 08:47:42 INFO  [main] org.springframework.context.support.PostProcessorRegistrationDelegate$BeanPostProcessorChecker.postProcessAfterInitialization(PostProcessorRegistrationDelegate.java:330) - Bean 'org.springframework.transaction.annotation.ProxyTransactionManagementConfiguration' of type [org.springframework.transaction.annotation.ProxyTransactionManagementConfiguration$$EnhancerBySpringCGLIB$$c947a7c3] is not eligible for getting processed by all BeanPostProcessors (for example: not eligible for auto-proxying)
2019-11-02 08:47:42 INFO  [main] org.springframework.boot.web.embedded.tomcat.TomcatWebServer.initialize(TomcatWebServer.java:90) - Tomcat initialized with port(s): 1111 (http)
2019-11-02 08:47:42 INFO  [main] org.springframework.boot.web.servlet.context.ServletWebServerApplicationContext.prepareWebApplicationContext(ServletWebServerApplicationContext.java:284) - Root WebApplicationContext: initialization completed in 1131 ms
2019-11-02 08:47:42 INFO  [main] com.alibaba.druid.spring.boot.autoconfigure.DruidDataSourceAutoConfigure.dataSource(DruidDataSourceAutoConfigure.java:56) - Init DruidDataSource
2019-11-02 08:47:43 INFO  [main] com.alibaba.druid.pool.DruidDataSource.init(DruidDataSource.java:1003) - {dataSource-1} inited
2019-11-02 08:47:43 INFO  [main] springfox.documentation.spring.web.PropertySourcedRequestMappingHandlerMapping.initHandlerMethods(PropertySourcedRequestMappingHandlerMapping.java:69) - Mapped URL path [/v2/api-docs] onto method [public org.springframework.http.ResponseEntity<springfox.documentation.spring.web.json.Json> springfox.documentation.swagger2.web.Swagger2Controller.getDocumentation(java.lang.String,javax.servlet.http.HttpServletRequest)]
2019-11-02 08:47:43 INFO  [main] org.springframework.scheduling.concurrent.ExecutorConfigurationSupport.initialize(ExecutorConfigurationSupport.java:171) - Initializing ExecutorService 'applicationTaskExecutor'
2019-11-02 08:47:43 INFO  [main] org.springframework.boot.autoconfigure.web.servlet.WelcomePageHandlerMapping.<init>(WelcomePageHandlerMapping.java:58) - Adding welcome page template: index
2019-11-02 08:47:43 INFO  [main] springfox.documentation.spring.web.plugins.DocumentationPluginsBootstrapper.start(DocumentationPluginsBootstrapper.java:151) - Context refreshed
2019-11-02 08:47:43 INFO  [main] springfox.documentation.spring.web.plugins.DocumentationPluginsBootstrapper.start(DocumentationPluginsBootstrapper.java:154) - Found 1 custom documentation plugin(s)
2019-11-02 08:47:43 INFO  [main] springfox.documentation.spring.web.scanners.ApiListingReferenceScanner.scan(ApiListingReferenceScanner.java:41) - Scanning for api listing references
2019-11-02 08:47:43 INFO  [main] springfox.documentation.spring.web.readers.operation.CachingOperationNameGenerator.startingWith(CachingOperationNameGenerator.java:40) - Generating unique operation named: indexUsingGET_1
2019-11-02 08:47:43 INFO  [main] springfox.documentation.spring.web.readers.operation.CachingOperationNameGenerator.startingWith(CachingOperationNameGenerator.java:40) - Generating unique operation named: indexUsingHEAD_1
2019-11-02 08:47:43 INFO  [main] springfox.documentation.spring.web.readers.operation.CachingOperationNameGenerator.startingWith(CachingOperationNameGenerator.java:40) - Generating unique operation named: indexUsingPOST_1
2019-11-02 08:47:43 INFO  [main] springfox.documentation.spring.web.readers.operation.CachingOperationNameGenerator.startingWith(CachingOperationNameGenerator.java:40) - Generating unique operation named: indexUsingPUT_1
2019-11-02 08:47:43 INFO  [main] springfox.documentation.spring.web.readers.operation.CachingOperationNameGenerator.startingWith(CachingOperationNameGenerator.java:40) - Generating unique operation named: indexUsingPATCH_1
2019-11-02 08:47:43 INFO  [main] springfox.documentation.spring.web.readers.operation.CachingOperationNameGenerator.startingWith(CachingOperationNameGenerator.java:40) - Generating unique operation named: indexUsingDELETE_1
2019-11-02 08:47:43 INFO  [main] springfox.documentation.spring.web.readers.operation.CachingOperationNameGenerator.startingWith(CachingOperationNameGenerator.java:40) - Generating unique operation named: indexUsingOPTIONS_1
2019-11-02 08:47:43 INFO  [main] springfox.documentation.spring.web.readers.operation.CachingOperationNameGenerator.startingWith(CachingOperationNameGenerator.java:40) - Generating unique operation named: indexUsingTRACE_1
2019-11-02 08:47:43 INFO  [main] org.springframework.boot.web.embedded.tomcat.TomcatWebServer.start(TomcatWebServer.java:202) - Tomcat started on port(s): 1111 (http) with context path ''
2019-11-02 08:47:43 INFO  [main] org.springframework.boot.StartupInfoLogger.logStarted(StartupInfoLogger.java:59) - Started NovelwebApplication in 2.289 seconds (JVM running for 2.954)
2019-11-02 08:47:47 INFO  [http-nio-1111-exec-1] org.springframework.web.servlet.FrameworkServlet.initServletBean(FrameworkServlet.java:524) - Initializing Servlet 'dispatcherServlet'
2019-11-02 08:47:47 INFO  [http-nio-1111-exec-1] org.springframework.web.servlet.FrameworkServlet.initServletBean(FrameworkServlet.java:546) - Completed initialization in 4 ms
2019-11-02 08:48:40 INFO  [background-preinit] org.hibernate.validator.internal.util.Version.<clinit>(Version.java:21) - HV000001: Hibernate Validator 6.0.17.Final
2019-11-02 08:48:40 INFO  [main] org.springframework.boot.StartupInfoLogger.logStarting(StartupInfoLogger.java:50) - Starting NovelwebApplication on wlh with PID 6560 (D:\wlh\git\novelweb\target\classes started by Administrator in D:\wlh\git\novelweb)
2019-11-02 08:48:40 INFO  [main] org.springframework.boot.SpringApplication.logStartupProfileInfo(SpringApplication.java:648) - No active profile set, falling back to default profiles: default
2019-11-02 08:48:41 INFO  [main] org.springframework.context.support.PostProcessorRegistrationDelegate$BeanPostProcessorChecker.postProcessAfterInitialization(PostProcessorRegistrationDelegate.java:330) - Bean 'org.springframework.transaction.annotation.ProxyTransactionManagementConfiguration' of type [org.springframework.transaction.annotation.ProxyTransactionManagementConfiguration$$EnhancerBySpringCGLIB$$c2ef755] is not eligible for getting processed by all BeanPostProcessors (for example: not eligible for auto-proxying)
2019-11-02 08:48:41 INFO  [main] org.springframework.boot.web.embedded.tomcat.TomcatWebServer.initialize(TomcatWebServer.java:90) - Tomcat initialized with port(s): 1111 (http)
2019-11-02 08:48:41 INFO  [main] org.springframework.boot.web.servlet.context.ServletWebServerApplicationContext.prepareWebApplicationContext(ServletWebServerApplicationContext.java:284) - Root WebApplicationContext: initialization completed in 1131 ms
2019-11-02 08:48:41 INFO  [main] com.alibaba.druid.spring.boot.autoconfigure.DruidDataSourceAutoConfigure.dataSource(DruidDataSourceAutoConfigure.java:56) - Init DruidDataSource
2019-11-02 08:48:42 INFO  [main] com.alibaba.druid.pool.DruidDataSource.init(DruidDataSource.java:1003) - {dataSource-1} inited
2019-11-02 08:48:42 INFO  [main] springfox.documentation.spring.web.PropertySourcedRequestMappingHandlerMapping.initHandlerMethods(PropertySourcedRequestMappingHandlerMapping.java:69) - Mapped URL path [/v2/api-docs] onto method [public org.springframework.http.ResponseEntity<springfox.documentation.spring.web.json.Json> springfox.documentation.swagger2.web.Swagger2Controller.getDocumentation(java.lang.String,javax.servlet.http.HttpServletRequest)]
2019-11-02 08:48:42 INFO  [main] org.springframework.scheduling.concurrent.ExecutorConfigurationSupport.initialize(ExecutorConfigurationSupport.java:171) - Initializing ExecutorService 'applicationTaskExecutor'
2019-11-02 08:48:42 INFO  [main] org.springframework.boot.autoconfigure.web.servlet.WelcomePageHandlerMapping.<init>(WelcomePageHandlerMapping.java:58) - Adding welcome page template: index
2019-11-02 08:48:42 INFO  [main] springfox.documentation.spring.web.plugins.DocumentationPluginsBootstrapper.start(DocumentationPluginsBootstrapper.java:151) - Context refreshed
2019-11-02 08:48:42 INFO  [main] springfox.documentation.spring.web.plugins.DocumentationPluginsBootstrapper.start(DocumentationPluginsBootstrapper.java:154) - Found 1 custom documentation plugin(s)
2019-11-02 08:48:42 INFO  [main] springfox.documentation.spring.web.scanners.ApiListingReferenceScanner.scan(ApiListingReferenceScanner.java:41) - Scanning for api listing references
2019-11-02 08:48:42 INFO  [main] springfox.documentation.spring.web.readers.operation.CachingOperationNameGenerator.startingWith(CachingOperationNameGenerator.java:40) - Generating unique operation named: indexUsingGET_1
2019-11-02 08:48:42 INFO  [main] springfox.documentation.spring.web.readers.operation.CachingOperationNameGenerator.startingWith(CachingOperationNameGenerator.java:40) - Generating unique operation named: indexUsingHEAD_1
2019-11-02 08:48:42 INFO  [main] springfox.documentation.spring.web.readers.operation.CachingOperationNameGenerator.startingWith(CachingOperationNameGenerator.java:40) - Generating unique operation named: indexUsingPOST_1
2019-11-02 08:48:42 INFO  [main] springfox.documentation.spring.web.readers.operation.CachingOperationNameGenerator.startingWith(CachingOperationNameGenerator.java:40) - Generating unique operation named: indexUsingPUT_1
2019-11-02 08:48:42 INFO  [main] springfox.documentation.spring.web.readers.operation.CachingOperationNameGenerator.startingWith(CachingOperationNameGenerator.java:40) - Generating unique operation named: indexUsingPATCH_1
2019-11-02 08:48:42 INFO  [main] springfox.documentation.spring.web.readers.operation.CachingOperationNameGenerator.startingWith(CachingOperationNameGenerator.java:40) - Generating unique operation named: indexUsingDELETE_1
2019-11-02 08:48:42 INFO  [main] springfox.documentation.spring.web.readers.operation.CachingOperationNameGenerator.startingWith(CachingOperationNameGenerator.java:40) - Generating unique operation named: indexUsingOPTIONS_1
2019-11-02 08:48:42 INFO  [main] springfox.documentation.spring.web.readers.operation.CachingOperationNameGenerator.startingWith(CachingOperationNameGenerator.java:40) - Generating unique operation named: indexUsingTRACE_1
2019-11-02 08:48:42 INFO  [main] org.springframework.boot.web.embedded.tomcat.TomcatWebServer.start(TomcatWebServer.java:202) - Tomcat started on port(s): 1111 (http) with context path ''
2019-11-02 08:48:42 INFO  [main] org.springframework.boot.StartupInfoLogger.logStarted(StartupInfoLogger.java:59) - Started NovelwebApplication in 2.302 seconds (JVM running for 2.913)
2019-11-02 08:52:04 INFO  [http-nio-1111-exec-1] org.springframework.web.servlet.FrameworkServlet.initServletBean(FrameworkServlet.java:524) - Initializing Servlet 'dispatcherServlet'
2019-11-02 08:52:04 INFO  [http-nio-1111-exec-1] org.springframework.web.servlet.FrameworkServlet.initServletBean(FrameworkServlet.java:546) - Completed initialization in 5 ms
2019-11-02 09:24:53 INFO  [background-preinit] org.hibernate.validator.internal.util.Version.<clinit>(Version.java:21) - HV000001: Hibernate Validator 6.0.17.Final
2019-11-02 09:24:53 INFO  [main] org.springframework.boot.StartupInfoLogger.logStarting(StartupInfoLogger.java:50) - Starting NovelwebApplication on wlh with PID 6324 (D:\wlh\git\novelweb\target\classes started by Administrator in D:\wlh\git\novelweb)
2019-11-02 09:24:53 INFO  [main] org.springframework.boot.SpringApplication.logStartupProfileInfo(SpringApplication.java:648) - No active profile set, falling back to default profiles: default
2019-11-02 09:24:54 INFO  [main] org.springframework.context.support.PostProcessorRegistrationDelegate$BeanPostProcessorChecker.postProcessAfterInitialization(PostProcessorRegistrationDelegate.java:330) - Bean 'org.springframework.transaction.annotation.ProxyTransactionManagementConfiguration' of type [org.springframework.transaction.annotation.ProxyTransactionManagementConfiguration$$EnhancerBySpringCGLIB$$222ebfd3] is not eligible for getting processed by all BeanPostProcessors (for example: not eligible for auto-proxying)
2019-11-02 09:24:54 INFO  [main] org.springframework.boot.web.embedded.tomcat.TomcatWebServer.initialize(TomcatWebServer.java:90) - Tomcat initialized with port(s): 1111 (http)
2019-11-02 09:24:54 INFO  [main] org.springframework.boot.web.servlet.context.ServletWebServerApplicationContext.prepareWebApplicationContext(ServletWebServerApplicationContext.java:284) - Root WebApplicationContext: initialization completed in 1153 ms
2019-11-02 09:24:54 INFO  [main] com.alibaba.druid.spring.boot.autoconfigure.DruidDataSourceAutoConfigure.dataSource(DruidDataSourceAutoConfigure.java:56) - Init DruidDataSource
2019-11-02 09:24:55 INFO  [main] com.alibaba.druid.pool.DruidDataSource.init(DruidDataSource.java:1003) - {dataSource-1} inited
2019-11-02 09:24:55 INFO  [main] springfox.documentation.spring.web.PropertySourcedRequestMappingHandlerMapping.initHandlerMethods(PropertySourcedRequestMappingHandlerMapping.java:69) - Mapped URL path [/v2/api-docs] onto method [public org.springframework.http.ResponseEntity<springfox.documentation.spring.web.json.Json> springfox.documentation.swagger2.web.Swagger2Controller.getDocumentation(java.lang.String,javax.servlet.http.HttpServletRequest)]
2019-11-02 09:24:55 INFO  [main] org.springframework.scheduling.concurrent.ExecutorConfigurationSupport.initialize(ExecutorConfigurationSupport.java:171) - Initializing ExecutorService 'applicationTaskExecutor'
2019-11-02 09:24:55 INFO  [main] org.springframework.boot.autoconfigure.web.servlet.WelcomePageHandlerMapping.<init>(WelcomePageHandlerMapping.java:58) - Adding welcome page template: index
2019-11-02 09:24:55 INFO  [main] springfox.documentation.spring.web.plugins.DocumentationPluginsBootstrapper.start(DocumentationPluginsBootstrapper.java:151) - Context refreshed
2019-11-02 09:24:55 INFO  [main] springfox.documentation.spring.web.plugins.DocumentationPluginsBootstrapper.start(DocumentationPluginsBootstrapper.java:154) - Found 1 custom documentation plugin(s)
2019-11-02 09:24:55 INFO  [main] springfox.documentation.spring.web.scanners.ApiListingReferenceScanner.scan(ApiListingReferenceScanner.java:41) - Scanning for api listing references
2019-11-02 09:24:55 INFO  [main] springfox.documentation.spring.web.readers.operation.CachingOperationNameGenerator.startingWith(CachingOperationNameGenerator.java:40) - Generating unique operation named: indexUsingGET_1
2019-11-02 09:24:55 INFO  [main] springfox.documentation.spring.web.readers.operation.CachingOperationNameGenerator.startingWith(CachingOperationNameGenerator.java:40) - Generating unique operation named: indexUsingHEAD_1
2019-11-02 09:24:55 INFO  [main] springfox.documentation.spring.web.readers.operation.CachingOperationNameGenerator.startingWith(CachingOperationNameGenerator.java:40) - Generating unique operation named: indexUsingPOST_1
2019-11-02 09:24:55 INFO  [main] springfox.documentation.spring.web.readers.operation.CachingOperationNameGenerator.startingWith(CachingOperationNameGenerator.java:40) - Generating unique operation named: indexUsingPUT_1
2019-11-02 09:24:55 INFO  [main] springfox.documentation.spring.web.readers.operation.CachingOperationNameGenerator.startingWith(CachingOperationNameGenerator.java:40) - Generating unique operation named: indexUsingPATCH_1
2019-11-02 09:24:55 INFO  [main] springfox.documentation.spring.web.readers.operation.CachingOperationNameGenerator.startingWith(CachingOperationNameGenerator.java:40) - Generating unique operation named: indexUsingDELETE_1
2019-11-02 09:24:55 INFO  [main] springfox.documentation.spring.web.readers.operation.CachingOperationNameGenerator.startingWith(CachingOperationNameGenerator.java:40) - Generating unique operation named: indexUsingOPTIONS_1
2019-11-02 09:24:55 INFO  [main] springfox.documentation.spring.web.readers.operation.CachingOperationNameGenerator.startingWith(CachingOperationNameGenerator.java:40) - Generating unique operation named: indexUsingTRACE_1
2019-11-02 09:24:55 INFO  [main] org.springframework.boot.web.embedded.tomcat.TomcatWebServer.start(TomcatWebServer.java:202) - Tomcat started on port(s): 1111 (http) with context path ''
2019-11-02 09:24:55 INFO  [main] org.springframework.boot.StartupInfoLogger.logStarted(StartupInfoLogger.java:59) - Started NovelwebApplication in 2.326 seconds (JVM running for 2.947)
2019-11-02 09:25:00 INFO  [http-nio-1111-exec-1] org.springframework.web.servlet.FrameworkServlet.initServletBean(FrameworkServlet.java:524) - Initializing Servlet 'dispatcherServlet'
2019-11-02 09:25:00 INFO  [http-nio-1111-exec-1] org.springframework.web.servlet.FrameworkServlet.initServletBean(FrameworkServlet.java:546) - Completed initialization in 4 ms
2019-11-02 09:27:30 INFO  [background-preinit] org.hibernate.validator.internal.util.Version.<clinit>(Version.java:21) - HV000001: Hibernate Validator 6.0.17.Final
2019-11-02 09:27:30 INFO  [main] org.springframework.boot.StartupInfoLogger.logStarting(StartupInfoLogger.java:50) - Starting NovelwebApplication on wlh with PID 10228 (D:\wlh\git\novelweb\target\classes started by Administrator in D:\wlh\git\novelweb)
2019-11-02 09:27:30 INFO  [main] org.springframework.boot.SpringApplication.logStartupProfileInfo(SpringApplication.java:648) - No active profile set, falling back to default profiles: default
2019-11-02 09:27:31 INFO  [main] org.springframework.context.support.PostProcessorRegistrationDelegate$BeanPostProcessorChecker.postProcessAfterInitialization(PostProcessorRegistrationDelegate.java:330) - Bean 'org.springframework.transaction.annotation.ProxyTransactionManagementConfiguration' of type [org.springframework.transaction.annotation.ProxyTransactionManagementConfiguration$$EnhancerBySpringCGLIB$$222ebfd3] is not eligible for getting processed by all BeanPostProcessors (for example: not eligible for auto-proxying)
2019-11-02 09:27:31 INFO  [main] org.springframework.boot.web.embedded.tomcat.TomcatWebServer.initialize(TomcatWebServer.java:90) - Tomcat initialized with port(s): 1111 (http)
2019-11-02 09:27:31 INFO  [main] org.springframework.boot.web.servlet.context.ServletWebServerApplicationContext.prepareWebApplicationContext(ServletWebServerApplicationContext.java:284) - Root WebApplicationContext: initialization completed in 1153 ms
2019-11-02 09:27:32 INFO  [main] com.alibaba.druid.spring.boot.autoconfigure.DruidDataSourceAutoConfigure.dataSource(DruidDataSourceAutoConfigure.java:56) - Init DruidDataSource
2019-11-02 09:27:32 INFO  [main] com.alibaba.druid.pool.DruidDataSource.init(DruidDataSource.java:1003) - {dataSource-1} inited
2019-11-02 09:27:32 INFO  [main] springfox.documentation.spring.web.PropertySourcedRequestMappingHandlerMapping.initHandlerMethods(PropertySourcedRequestMappingHandlerMapping.java:69) - Mapped URL path [/v2/api-docs] onto method [public org.springframework.http.ResponseEntity<springfox.documentation.spring.web.json.Json> springfox.documentation.swagger2.web.Swagger2Controller.getDocumentation(java.lang.String,javax.servlet.http.HttpServletRequest)]
2019-11-02 09:27:32 INFO  [main] org.springframework.scheduling.concurrent.ExecutorConfigurationSupport.initialize(ExecutorConfigurationSupport.java:171) - Initializing ExecutorService 'applicationTaskExecutor'
2019-11-02 09:27:32 INFO  [main] org.springframework.boot.autoconfigure.web.servlet.WelcomePageHandlerMapping.<init>(WelcomePageHandlerMapping.java:58) - Adding welcome page template: index
2019-11-02 09:27:32 INFO  [main] springfox.documentation.spring.web.plugins.DocumentationPluginsBootstrapper.start(DocumentationPluginsBootstrapper.java:151) - Context refreshed
2019-11-02 09:27:32 INFO  [main] springfox.documentation.spring.web.plugins.DocumentationPluginsBootstrapper.start(DocumentationPluginsBootstrapper.java:154) - Found 1 custom documentation plugin(s)
2019-11-02 09:27:32 INFO  [main] springfox.documentation.spring.web.scanners.ApiListingReferenceScanner.scan(ApiListingReferenceScanner.java:41) - Scanning for api listing references
2019-11-02 09:27:32 INFO  [main] springfox.documentation.spring.web.readers.operation.CachingOperationNameGenerator.startingWith(CachingOperationNameGenerator.java:40) - Generating unique operation named: indexUsingGET_1
2019-11-02 09:27:32 INFO  [main] springfox.documentation.spring.web.readers.operation.CachingOperationNameGenerator.startingWith(CachingOperationNameGenerator.java:40) - Generating unique operation named: indexUsingHEAD_1
2019-11-02 09:27:32 INFO  [main] springfox.documentation.spring.web.readers.operation.CachingOperationNameGenerator.startingWith(CachingOperationNameGenerator.java:40) - Generating unique operation named: indexUsingPOST_1
2019-11-02 09:27:32 INFO  [main] springfox.documentation.spring.web.readers.operation.CachingOperationNameGenerator.startingWith(CachingOperationNameGenerator.java:40) - Generating unique operation named: indexUsingPUT_1
2019-11-02 09:27:32 INFO  [main] springfox.documentation.spring.web.readers.operation.CachingOperationNameGenerator.startingWith(CachingOperationNameGenerator.java:40) - Generating unique operation named: indexUsingPATCH_1
2019-11-02 09:27:32 INFO  [main] springfox.documentation.spring.web.readers.operation.CachingOperationNameGenerator.startingWith(CachingOperationNameGenerator.java:40) - Generating unique operation named: indexUsingDELETE_1
2019-11-02 09:27:32 INFO  [main] springfox.documentation.spring.web.readers.operation.CachingOperationNameGenerator.startingWith(CachingOperationNameGenerator.java:40) - Generating unique operation named: indexUsingOPTIONS_1
2019-11-02 09:27:32 INFO  [main] springfox.documentation.spring.web.readers.operation.CachingOperationNameGenerator.startingWith(CachingOperationNameGenerator.java:40) - Generating unique operation named: indexUsingTRACE_1
2019-11-02 09:27:32 INFO  [main] org.springframework.boot.web.embedded.tomcat.TomcatWebServer.start(TomcatWebServer.java:202) - Tomcat started on port(s): 1111 (http) with context path ''
2019-11-02 09:27:32 INFO  [main] org.springframework.boot.StartupInfoLogger.logStarted(StartupInfoLogger.java:59) - Started NovelwebApplication in 2.401 seconds (JVM running for 3.029)
2019-11-02 09:27:34 INFO  [http-nio-1111-exec-1] org.springframework.web.servlet.FrameworkServlet.initServletBean(FrameworkServlet.java:524) - Initializing Servlet 'dispatcherServlet'
2019-11-02 09:27:34 INFO  [http-nio-1111-exec-1] org.springframework.web.servlet.FrameworkServlet.initServletBean(FrameworkServlet.java:546) - Completed initialization in 5 ms
2019-11-02 09:34:31 INFO  [background-preinit] org.hibernate.validator.internal.util.Version.<clinit>(Version.java:21) - HV000001: Hibernate Validator 6.0.17.Final
2019-11-02 09:34:31 INFO  [main] org.springframework.boot.StartupInfoLogger.logStarting(StartupInfoLogger.java:50) - Starting NovelwebApplication on wlh with PID 7416 (D:\wlh\git\novelweb\target\classes started by Administrator in D:\wlh\git\novelweb)
2019-11-02 09:34:31 INFO  [main] org.springframework.boot.SpringApplication.logStartupProfileInfo(SpringApplication.java:648) - No active profile set, falling back to default profiles: default
2019-11-02 09:34:32 INFO  [main] org.springframework.context.support.PostProcessorRegistrationDelegate$BeanPostProcessorChecker.postProcessAfterInitialization(PostProcessorRegistrationDelegate.java:330) - Bean 'org.springframework.transaction.annotation.ProxyTransactionManagementConfiguration' of type [org.springframework.transaction.annotation.ProxyTransactionManagementConfiguration$$EnhancerBySpringCGLIB$$df43783c] is not eligible for getting processed by all BeanPostProcessors (for example: not eligible for auto-proxying)
2019-11-02 09:34:32 INFO  [main] org.springframework.boot.web.embedded.tomcat.TomcatWebServer.initialize(TomcatWebServer.java:90) - Tomcat initialized with port(s): 1111 (http)
2019-11-02 09:34:32 INFO  [main] org.springframework.boot.web.servlet.context.ServletWebServerApplicationContext.prepareWebApplicationContext(ServletWebServerApplicationContext.java:284) - Root WebApplicationContext: initialization completed in 1153 ms
2019-11-02 09:34:32 INFO  [main] com.alibaba.druid.spring.boot.autoconfigure.DruidDataSourceAutoConfigure.dataSource(DruidDataSourceAutoConfigure.java:56) - Init DruidDataSource
2019-11-02 09:34:32 INFO  [main] com.alibaba.druid.pool.DruidDataSource.init(DruidDataSource.java:1003) - {dataSource-1} inited
2019-11-02 09:34:32 INFO  [main] springfox.documentation.spring.web.PropertySourcedRequestMappingHandlerMapping.initHandlerMethods(PropertySourcedRequestMappingHandlerMapping.java:69) - Mapped URL path [/v2/api-docs] onto method [public org.springframework.http.ResponseEntity<springfox.documentation.spring.web.json.Json> springfox.documentation.swagger2.web.Swagger2Controller.getDocumentation(java.lang.String,javax.servlet.http.HttpServletRequest)]
2019-11-02 09:34:33 INFO  [main] org.springframework.scheduling.concurrent.ExecutorConfigurationSupport.initialize(ExecutorConfigurationSupport.java:171) - Initializing ExecutorService 'applicationTaskExecutor'
2019-11-02 09:34:33 INFO  [main] org.springframework.boot.autoconfigure.web.servlet.WelcomePageHandlerMapping.<init>(WelcomePageHandlerMapping.java:58) - Adding welcome page template: index
2019-11-02 09:34:33 INFO  [main] springfox.documentation.spring.web.plugins.DocumentationPluginsBootstrapper.start(DocumentationPluginsBootstrapper.java:160) - Context refreshed
2019-11-02 09:34:33 INFO  [main] springfox.documentation.spring.web.plugins.DocumentationPluginsBootstrapper.start(DocumentationPluginsBootstrapper.java:163) - Found 1 custom documentation plugin(s)
2019-11-02 09:34:33 INFO  [main] springfox.documentation.spring.web.scanners.ApiListingReferenceScanner.scan(ApiListingReferenceScanner.java:41) - Scanning for api listing references
2019-11-02 09:34:33 INFO  [main] springfox.documentation.spring.web.readers.operation.CachingOperationNameGenerator.startingWith(CachingOperationNameGenerator.java:40) - Generating unique operation named: indexUsingGET_1
2019-11-02 09:34:33 INFO  [main] springfox.documentation.spring.web.readers.operation.CachingOperationNameGenerator.startingWith(CachingOperationNameGenerator.java:40) - Generating unique operation named: indexUsingHEAD_1
2019-11-02 09:34:33 INFO  [main] springfox.documentation.spring.web.readers.operation.CachingOperationNameGenerator.startingWith(CachingOperationNameGenerator.java:40) - Generating unique operation named: indexUsingPOST_1
2019-11-02 09:34:33 INFO  [main] springfox.documentation.spring.web.readers.operation.CachingOperationNameGenerator.startingWith(CachingOperationNameGenerator.java:40) - Generating unique operation named: indexUsingPUT_1
2019-11-02 09:34:33 INFO  [main] springfox.documentation.spring.web.readers.operation.CachingOperationNameGenerator.startingWith(CachingOperationNameGenerator.java:40) - Generating unique operation named: indexUsingPATCH_1
2019-11-02 09:34:33 INFO  [main] springfox.documentation.spring.web.readers.operation.CachingOperationNameGenerator.startingWith(CachingOperationNameGenerator.java:40) - Generating unique operation named: indexUsingDELETE_1
2019-11-02 09:34:33 INFO  [main] springfox.documentation.spring.web.readers.operation.CachingOperationNameGenerator.startingWith(CachingOperationNameGenerator.java:40) - Generating unique operation named: indexUsingOPTIONS_1
2019-11-02 09:34:33 INFO  [main] springfox.documentation.spring.web.readers.operation.CachingOperationNameGenerator.startingWith(CachingOperationNameGenerator.java:40) - Generating unique operation named: indexUsingTRACE_1
2019-11-02 09:34:33 INFO  [main] org.springframework.boot.web.embedded.tomcat.TomcatWebServer.start(TomcatWebServer.java:202) - Tomcat started on port(s): 1111 (http) with context path ''
2019-11-02 09:34:33 INFO  [main] org.springframework.boot.StartupInfoLogger.logStarted(StartupInfoLogger.java:59) - Started NovelwebApplication in 2.376 seconds (JVM running for 3.026)
2019-11-02 09:34:41 INFO  [http-nio-1111-exec-1] org.springframework.web.servlet.FrameworkServlet.initServletBean(FrameworkServlet.java:524) - Initializing Servlet 'dispatcherServlet'
2019-11-02 09:34:41 INFO  [http-nio-1111-exec-1] org.springframework.web.servlet.FrameworkServlet.initServletBean(FrameworkServlet.java:546) - Completed initialization in 4 ms
2019-11-02 09:35:07 INFO  [background-preinit] org.hibernate.validator.internal.util.Version.<clinit>(Version.java:21) - HV000001: Hibernate Validator 6.0.17.Final
2019-11-02 09:35:08 INFO  [main] org.springframework.boot.StartupInfoLogger.logStarting(StartupInfoLogger.java:50) - Starting NovelwebApplication on wlh with PID 4288 (D:\wlh\git\novelweb\target\classes started by Administrator in D:\wlh\git\novelweb)
2019-11-02 09:35:08 INFO  [main] org.springframework.boot.SpringApplication.logStartupProfileInfo(SpringApplication.java:648) - No active profile set, falling back to default profiles: default
2019-11-02 09:35:08 INFO  [main] org.springframework.context.support.PostProcessorRegistrationDelegate$BeanPostProcessorChecker.postProcessAfterInitialization(PostProcessorRegistrationDelegate.java:330) - Bean 'org.springframework.transaction.annotation.ProxyTransactionManagementConfiguration' of type [org.springframework.transaction.annotation.ProxyTransactionManagementConfiguration$$EnhancerBySpringCGLIB$$afd3678e] is not eligible for getting processed by all BeanPostProcessors (for example: not eligible for auto-proxying)
2019-11-02 09:35:09 INFO  [main] org.springframework.boot.web.embedded.tomcat.TomcatWebServer.initialize(TomcatWebServer.java:90) - Tomcat initialized with port(s): 1111 (http)
2019-11-02 09:35:09 INFO  [main] org.springframework.boot.web.servlet.context.ServletWebServerApplicationContext.prepareWebApplicationContext(ServletWebServerApplicationContext.java:284) - Root WebApplicationContext: initialization completed in 1189 ms
2019-11-02 09:35:09 INFO  [main] com.alibaba.druid.spring.boot.autoconfigure.DruidDataSourceAutoConfigure.dataSource(DruidDataSourceAutoConfigure.java:56) - Init DruidDataSource
2019-11-02 09:35:09 INFO  [main] com.alibaba.druid.pool.DruidDataSource.init(DruidDataSource.java:1003) - {dataSource-1} inited
2019-11-02 09:35:09 INFO  [main] springfox.documentation.spring.web.PropertySourcedRequestMappingHandlerMapping.initHandlerMethods(PropertySourcedRequestMappingHandlerMapping.java:69) - Mapped URL path [/v2/api-docs] onto method [public org.springframework.http.ResponseEntity<springfox.documentation.spring.web.json.Json> springfox.documentation.swagger2.web.Swagger2Controller.getDocumentation(java.lang.String,javax.servlet.http.HttpServletRequest)]
2019-11-02 09:35:09 INFO  [main] org.springframework.scheduling.concurrent.ExecutorConfigurationSupport.initialize(ExecutorConfigurationSupport.java:171) - Initializing ExecutorService 'applicationTaskExecutor'
2019-11-02 09:35:09 INFO  [main] org.springframework.boot.autoconfigure.web.servlet.WelcomePageHandlerMapping.<init>(WelcomePageHandlerMapping.java:58) - Adding welcome page template: index
2019-11-02 09:35:10 INFO  [main] springfox.documentation.spring.web.plugins.DocumentationPluginsBootstrapper.start(DocumentationPluginsBootstrapper.java:160) - Context refreshed
2019-11-02 09:35:10 INFO  [main] springfox.documentation.spring.web.plugins.DocumentationPluginsBootstrapper.start(DocumentationPluginsBootstrapper.java:163) - Found 1 custom documentation plugin(s)
2019-11-02 09:35:10 INFO  [main] springfox.documentation.spring.web.scanners.ApiListingReferenceScanner.scan(ApiListingReferenceScanner.java:41) - Scanning for api listing references
2019-11-02 09:35:10 INFO  [main] springfox.documentation.spring.web.readers.operation.CachingOperationNameGenerator.startingWith(CachingOperationNameGenerator.java:40) - Generating unique operation named: indexUsingGET_1
2019-11-02 09:35:10 INFO  [main] springfox.documentation.spring.web.readers.operation.CachingOperationNameGenerator.startingWith(CachingOperationNameGenerator.java:40) - Generating unique operation named: indexUsingHEAD_1
2019-11-02 09:35:10 INFO  [main] springfox.documentation.spring.web.readers.operation.CachingOperationNameGenerator.startingWith(CachingOperationNameGenerator.java:40) - Generating unique operation named: indexUsingPOST_1
2019-11-02 09:35:10 INFO  [main] springfox.documentation.spring.web.readers.operation.CachingOperationNameGenerator.startingWith(CachingOperationNameGenerator.java:40) - Generating unique operation named: indexUsingPUT_1
2019-11-02 09:35:10 INFO  [main] springfox.documentation.spring.web.readers.operation.CachingOperationNameGenerator.startingWith(CachingOperationNameGenerator.java:40) - Generating unique operation named: indexUsingPATCH_1
2019-11-02 09:35:10 INFO  [main] springfox.documentation.spring.web.readers.operation.CachingOperationNameGenerator.startingWith(CachingOperationNameGenerator.java:40) - Generating unique operation named: indexUsingDELETE_1
2019-11-02 09:35:10 INFO  [main] springfox.documentation.spring.web.readers.operation.CachingOperationNameGenerator.startingWith(CachingOperationNameGenerator.java:40) - Generating unique operation named: indexUsingOPTIONS_1
2019-11-02 09:35:10 INFO  [main] springfox.documentation.spring.web.readers.operation.CachingOperationNameGenerator.startingWith(CachingOperationNameGenerator.java:40) - Generating unique operation named: indexUsingTRACE_1
2019-11-02 09:35:10 INFO  [main] org.springframework.boot.web.embedded.tomcat.TomcatWebServer.start(TomcatWebServer.java:202) - Tomcat started on port(s): 1111 (http) with context path ''
2019-11-02 09:35:10 INFO  [main] org.springframework.boot.StartupInfoLogger.logStarted(StartupInfoLogger.java:59) - Started NovelwebApplication in 2.395 seconds (JVM running for 3.023)
2019-11-02 09:35:12 INFO  [http-nio-1111-exec-1] org.springframework.web.servlet.FrameworkServlet.initServletBean(FrameworkServlet.java:524) - Initializing Servlet 'dispatcherServlet'
2019-11-02 09:35:12 INFO  [http-nio-1111-exec-1] org.springframework.web.servlet.FrameworkServlet.initServletBean(FrameworkServlet.java:546) - Completed initialization in 5 ms
2019-11-02 09:38:06 INFO  [background-preinit] org.hibernate.validator.internal.util.Version.<clinit>(Version.java:21) - HV000001: Hibernate Validator 6.0.17.Final
2019-11-02 09:38:06 INFO  [main] org.springframework.boot.StartupInfoLogger.logStarting(StartupInfoLogger.java:50) - Starting NovelwebApplication on wlh with PID 5552 (D:\wlh\git\novelweb\target\classes started by Administrator in D:\wlh\git\novelweb)
2019-11-02 09:38:06 INFO  [main] org.springframework.boot.SpringApplication.logStartupProfileInfo(SpringApplication.java:648) - No active profile set, falling back to default profiles: default
2019-11-02 09:38:07 INFO  [main] org.springframework.context.support.PostProcessorRegistrationDelegate$BeanPostProcessorChecker.postProcessAfterInitialization(PostProcessorRegistrationDelegate.java:330) - Bean 'org.springframework.transaction.annotation.ProxyTransactionManagementConfiguration' of type [org.springframework.transaction.annotation.ProxyTransactionManagementConfiguration$$EnhancerBySpringCGLIB$$f8da7af3] is not eligible for getting processed by all BeanPostProcessors (for example: not eligible for auto-proxying)
2019-11-02 09:38:07 INFO  [main] org.springframework.boot.web.embedded.tomcat.TomcatWebServer.initialize(TomcatWebServer.java:90) - Tomcat initialized with port(s): 1111 (http)
2019-11-02 09:38:07 INFO  [main] org.springframework.boot.web.servlet.context.ServletWebServerApplicationContext.prepareWebApplicationContext(ServletWebServerApplicationContext.java:284) - Root WebApplicationContext: initialization completed in 1185 ms
2019-11-02 09:38:07 INFO  [main] com.alibaba.druid.spring.boot.autoconfigure.DruidDataSourceAutoConfigure.dataSource(DruidDataSourceAutoConfigure.java:56) - Init DruidDataSource
2019-11-02 09:38:08 INFO  [main] com.alibaba.druid.pool.DruidDataSource.init(DruidDataSource.java:1003) - {dataSource-1} inited
2019-11-02 09:38:08 INFO  [main] springfox.documentation.spring.web.PropertySourcedRequestMappingHandlerMapping.initHandlerMethods(PropertySourcedRequestMappingHandlerMapping.java:69) - Mapped URL path [/v2/api-docs] onto method [public org.springframework.http.ResponseEntity<springfox.documentation.spring.web.json.Json> springfox.documentation.swagger2.web.Swagger2Controller.getDocumentation(java.lang.String,javax.servlet.http.HttpServletRequest)]
2019-11-02 09:38:08 INFO  [main] org.springframework.scheduling.concurrent.ExecutorConfigurationSupport.initialize(ExecutorConfigurationSupport.java:171) - Initializing ExecutorService 'applicationTaskExecutor'
2019-11-02 09:38:08 INFO  [main] org.springframework.boot.autoconfigure.web.servlet.WelcomePageHandlerMapping.<init>(WelcomePageHandlerMapping.java:58) - Adding welcome page template: index
2019-11-02 09:38:08 INFO  [main] springfox.documentation.spring.web.plugins.DocumentationPluginsBootstrapper.start(DocumentationPluginsBootstrapper.java:160) - Context refreshed
2019-11-02 09:38:08 INFO  [main] springfox.documentation.spring.web.plugins.DocumentationPluginsBootstrapper.start(DocumentationPluginsBootstrapper.java:163) - Found 1 custom documentation plugin(s)
2019-11-02 09:38:08 INFO  [main] springfox.documentation.spring.web.scanners.ApiListingReferenceScanner.scan(ApiListingReferenceScanner.java:41) - Scanning for api listing references
2019-11-02 09:38:08 INFO  [main] springfox.documentation.spring.web.readers.operation.CachingOperationNameGenerator.startingWith(CachingOperationNameGenerator.java:40) - Generating unique operation named: indexUsingGET_1
2019-11-02 09:38:08 INFO  [main] springfox.documentation.spring.web.readers.operation.CachingOperationNameGenerator.startingWith(CachingOperationNameGenerator.java:40) - Generating unique operation named: indexUsingHEAD_1
2019-11-02 09:38:08 INFO  [main] springfox.documentation.spring.web.readers.operation.CachingOperationNameGenerator.startingWith(CachingOperationNameGenerator.java:40) - Generating unique operation named: indexUsingPOST_1
2019-11-02 09:38:08 INFO  [main] springfox.documentation.spring.web.readers.operation.CachingOperationNameGenerator.startingWith(CachingOperationNameGenerator.java:40) - Generating unique operation named: indexUsingPUT_1
2019-11-02 09:38:08 INFO  [main] springfox.documentation.spring.web.readers.operation.CachingOperationNameGenerator.startingWith(CachingOperationNameGenerator.java:40) - Generating unique operation named: indexUsingPATCH_1
2019-11-02 09:38:08 INFO  [main] springfox.documentation.spring.web.readers.operation.CachingOperationNameGenerator.startingWith(CachingOperationNameGenerator.java:40) - Generating unique operation named: indexUsingDELETE_1
2019-11-02 09:38:08 INFO  [main] springfox.documentation.spring.web.readers.operation.CachingOperationNameGenerator.startingWith(CachingOperationNameGenerator.java:40) - Generating unique operation named: indexUsingOPTIONS_1
2019-11-02 09:38:08 INFO  [main] springfox.documentation.spring.web.readers.operation.CachingOperationNameGenerator.startingWith(CachingOperationNameGenerator.java:40) - Generating unique operation named: indexUsingTRACE_1
2019-11-02 09:38:08 INFO  [main] org.springframework.boot.web.embedded.tomcat.TomcatWebServer.start(TomcatWebServer.java:202) - Tomcat started on port(s): 1111 (http) with context path ''
2019-11-02 09:38:08 INFO  [main] org.springframework.boot.StartupInfoLogger.logStarted(StartupInfoLogger.java:59) - Started NovelwebApplication in 2.405 seconds (JVM running for 3.0)
2019-11-02 09:38:10 INFO  [http-nio-1111-exec-1] org.springframework.web.servlet.FrameworkServlet.initServletBean(FrameworkServlet.java:524) - Initializing Servlet 'dispatcherServlet'
2019-11-02 09:38:10 INFO  [http-nio-1111-exec-1] org.springframework.web.servlet.FrameworkServlet.initServletBean(FrameworkServlet.java:546) - Completed initialization in 5 ms
2019-11-02 09:38:55 INFO  [background-preinit] org.hibernate.validator.internal.util.Version.<clinit>(Version.java:21) - HV000001: Hibernate Validator 6.0.17.Final
2019-11-02 09:38:55 INFO  [main] org.springframework.boot.StartupInfoLogger.logStarting(StartupInfoLogger.java:50) - Starting NovelwebApplication on wlh with PID 6940 (D:\wlh\git\novelweb\target\classes started by Administrator in D:\wlh\git\novelweb)
2019-11-02 09:38:55 INFO  [main] org.springframework.boot.SpringApplication.logStartupProfileInfo(SpringApplication.java:648) - No active profile set, falling back to default profiles: default
2019-11-02 09:38:56 INFO  [main] org.springframework.context.support.PostProcessorRegistrationDelegate$BeanPostProcessorChecker.postProcessAfterInitialization(PostProcessorRegistrationDelegate.java:330) - Bean 'org.springframework.transaction.annotation.ProxyTransactionManagementConfiguration' of type [org.springframework.transaction.annotation.ProxyTransactionManagementConfiguration$$EnhancerBySpringCGLIB$$df85cf04] is not eligible for getting processed by all BeanPostProcessors (for example: not eligible for auto-proxying)
2019-11-02 09:38:56 INFO  [main] org.springframework.boot.web.embedded.tomcat.TomcatWebServer.initialize(TomcatWebServer.java:90) - Tomcat initialized with port(s): 1111 (http)
2019-11-02 09:38:56 INFO  [main] org.springframework.boot.web.servlet.context.ServletWebServerApplicationContext.prepareWebApplicationContext(ServletWebServerApplicationContext.java:284) - Root WebApplicationContext: initialization completed in 1183 ms
2019-11-02 09:38:56 INFO  [main] com.alibaba.druid.spring.boot.autoconfigure.DruidDataSourceAutoConfigure.dataSource(DruidDataSourceAutoConfigure.java:56) - Init DruidDataSource
2019-11-02 09:38:56 INFO  [main] com.alibaba.druid.pool.DruidDataSource.init(DruidDataSource.java:1003) - {dataSource-1} inited
2019-11-02 09:38:57 INFO  [main] springfox.documentation.spring.web.PropertySourcedRequestMappingHandlerMapping.initHandlerMethods(PropertySourcedRequestMappingHandlerMapping.java:69) - Mapped URL path [/v2/api-docs] onto method [public org.springframework.http.ResponseEntity<springfox.documentation.spring.web.json.Json> springfox.documentation.swagger2.web.Swagger2Controller.getDocumentation(java.lang.String,javax.servlet.http.HttpServletRequest)]
2019-11-02 09:38:57 INFO  [main] org.springframework.scheduling.concurrent.ExecutorConfigurationSupport.initialize(ExecutorConfigurationSupport.java:171) - Initializing ExecutorService 'applicationTaskExecutor'
2019-11-02 09:38:57 INFO  [main] org.springframework.boot.autoconfigure.web.servlet.WelcomePageHandlerMapping.<init>(WelcomePageHandlerMapping.java:58) - Adding welcome page template: index
2019-11-02 09:38:57 INFO  [main] springfox.documentation.spring.web.plugins.DocumentationPluginsBootstrapper.start(DocumentationPluginsBootstrapper.java:160) - Context refreshed
2019-11-02 09:38:57 INFO  [main] springfox.documentation.spring.web.plugins.DocumentationPluginsBootstrapper.start(DocumentationPluginsBootstrapper.java:163) - Found 1 custom documentation plugin(s)
2019-11-02 09:38:57 INFO  [main] springfox.documentation.spring.web.scanners.ApiListingReferenceScanner.scan(ApiListingReferenceScanner.java:41) - Scanning for api listing references
2019-11-02 09:38:57 INFO  [main] springfox.documentation.spring.web.readers.operation.CachingOperationNameGenerator.startingWith(CachingOperationNameGenerator.java:40) - Generating unique operation named: indexUsingGET_1
2019-11-02 09:38:57 INFO  [main] springfox.documentation.spring.web.readers.operation.CachingOperationNameGenerator.startingWith(CachingOperationNameGenerator.java:40) - Generating unique operation named: indexUsingHEAD_1
2019-11-02 09:38:57 INFO  [main] springfox.documentation.spring.web.readers.operation.CachingOperationNameGenerator.startingWith(CachingOperationNameGenerator.java:40) - Generating unique operation named: indexUsingPOST_1
2019-11-02 09:38:57 INFO  [main] springfox.documentation.spring.web.readers.operation.CachingOperationNameGenerator.startingWith(CachingOperationNameGenerator.java:40) - Generating unique operation named: indexUsingPUT_1
2019-11-02 09:38:57 INFO  [main] springfox.documentation.spring.web.readers.operation.CachingOperationNameGenerator.startingWith(CachingOperationNameGenerator.java:40) - Generating unique operation named: indexUsingPATCH_1
2019-11-02 09:38:57 INFO  [main] springfox.documentation.spring.web.readers.operation.CachingOperationNameGenerator.startingWith(CachingOperationNameGenerator.java:40) - Generating unique operation named: indexUsingDELETE_1
2019-11-02 09:38:57 INFO  [main] springfox.documentation.spring.web.readers.operation.CachingOperationNameGenerator.startingWith(CachingOperationNameGenerator.java:40) - Generating unique operation named: indexUsingOPTIONS_1
2019-11-02 09:38:57 INFO  [main] springfox.documentation.spring.web.readers.operation.CachingOperationNameGenerator.startingWith(CachingOperationNameGenerator.java:40) - Generating unique operation named: indexUsingTRACE_1
2019-11-02 09:38:57 INFO  [main] org.springframework.boot.web.embedded.tomcat.TomcatWebServer.start(TomcatWebServer.java:202) - Tomcat started on port(s): 1111 (http) with context path ''
2019-11-02 09:38:57 INFO  [main] org.springframework.boot.StartupInfoLogger.logStarted(StartupInfoLogger.java:59) - Started NovelwebApplication in 2.436 seconds (JVM running for 3.049)
2019-11-02 09:39:08 INFO  [http-nio-1111-exec-1] org.springframework.web.servlet.FrameworkServlet.initServletBean(FrameworkServlet.java:524) - Initializing Servlet 'dispatcherServlet'
2019-11-02 09:39:08 INFO  [http-nio-1111-exec-1] org.springframework.web.servlet.FrameworkServlet.initServletBean(FrameworkServlet.java:546) - Completed initialization in 5 ms
